\BOOKMARK [0][-]{chapter.1}{Introduction}{}% 2
\BOOKMARK [1][-]{section.1.1}{Galaxy Formation}{chapter.1}% 3
\BOOKMARK [1][-]{section.1.2}{Galaxy Evolution}{chapter.1}% 4
\BOOKMARK [1][-]{section.1.3}{Galaxies in the Local Universe}{chapter.1}% 5
\BOOKMARK [1][-]{section.1.4}{Early-type Galaxies}{chapter.1}% 6
\BOOKMARK [1][-]{section.1.5}{Active Galactic Nuclei}{chapter.1}% 7
\BOOKMARK [2][-]{subsection.1.5.1}{AGN Parameters}{section.1.5}% 8
\BOOKMARK [3][-]{subsubsection.1.5.1.1}{Bolometric Luminosity}{subsection.1.5.1}% 9
\BOOKMARK [3][-]{subsubsection.1.5.1.2}{Black Hole Mass}{subsection.1.5.1}% 10
\BOOKMARK [3][-]{subsubsection.1.5.1.3}{Eddington Ratio}{subsection.1.5.1}% 11
\BOOKMARK [2][-]{subsection.1.5.2}{Radiative Mode}{section.1.5}% 12
\BOOKMARK [3][-]{subsubsection.1.5.2.1}{Fueling}{subsection.1.5.2}% 13
\BOOKMARK [3][-]{subsubsection.1.5.2.2}{Feedback}{subsection.1.5.2}% 14
\BOOKMARK [3][-]{subsubsection.1.5.2.3}{Radiative-mode Radio Galaxies}{subsection.1.5.2}% 15
\BOOKMARK [2][-]{subsection.1.5.3}{Jet Mode}{section.1.5}% 16
\BOOKMARK [3][-]{subsubsection.1.5.3.1}{Fueling}{subsection.1.5.3}% 17
\BOOKMARK [3][-]{subsubsection.1.5.3.2}{Feedback}{subsection.1.5.3}% 18
\BOOKMARK [3][-]{subsubsection.1.5.3.3}{Jet-mode Radio Galaxies}{subsection.1.5.3}% 19
\BOOKMARK [1][-]{section.1.6}{Southern Sample}{chapter.1}% 20
\BOOKMARK [0][-]{table.1.4}{Bibliography}{}% 23
