This is pdfTeX, Version 3.14159265-2.6-1.40.16 (TeX Live 2015/Debian) (preloaded format=pdflatex 2017.11.1)  1 NOV 2017 18:15
entering extended mode
 restricted \write18 enabled.
 %&-line parsing enabled.
**thesis.tex
(./thesis.tex
LaTeX2e <2016/02/01>
Babel <3.9q> and hyphenation patterns for 3 language(s) loaded.
(./ociamthesis.cls
Document Class: ociamthesis 2010/11/22 v2.2 OCIAM thesis class
(/usr/share/texlive/texmf-dist/tex/latex/base/report.cls
Document Class: report 2014/09/29 v1.4h Standard LaTeX document class
(/usr/share/texlive/texmf-dist/tex/latex/base/size12.clo
File: size12.clo 2014/09/29 v1.4h Standard LaTeX file (size option)
)
\c@part=\count79
\c@chapter=\count80
\c@section=\count81
\c@subsection=\count82
\c@subsubsection=\count83
\c@paragraph=\count84
\c@subparagraph=\count85
\c@figure=\count86
\c@table=\count87
\abovecaptionskip=\skip41
\belowcaptionskip=\skip42
\bibindent=\dimen102
) (/usr/share/texlive/texmf-dist/tex/latex/graphics/graphicx.sty
Package: graphicx 2014/10/28 v1.0g Enhanced LaTeX Graphics (DPC,SPQR)
(/usr/share/texlive/texmf-dist/tex/latex/graphics/keyval.sty
Package: keyval 2014/10/28 v1.15 key=value parser (DPC)
\KV@toks@=\toks14
) (/usr/share/texlive/texmf-dist/tex/latex/graphics/graphics.sty
Package: graphics 2016/01/03 v1.0q Standard LaTeX Graphics (DPC,SPQR)
(/usr/share/texlive/texmf-dist/tex/latex/graphics/trig.sty
Package: trig 2016/01/03 v1.10 sin cos tan (DPC)
) (/usr/share/texlive/texmf-dist/tex/latex/latexconfig/graphics.cfg
File: graphics.cfg 2010/04/23 v1.9 graphics configuration of TeX Live
)
Package graphics Info: Driver file: pdftex.def on input line 95.
(/usr/share/texlive/texmf-dist/tex/latex/pdftex-def/pdftex.def
File: pdftex.def 2011/05/27 v0.06d Graphics/color for pdfTeX
(/usr/share/texlive/texmf-dist/tex/generic/oberdiek/infwarerr.sty
Package: infwarerr 2010/04/08 v1.3 Providing info/warning/error messages (HO)
) (/usr/share/texlive/texmf-dist/tex/generic/oberdiek/ltxcmds.sty
Package: ltxcmds 2011/11/09 v1.22 LaTeX kernel commands for general use (HO)
)
\Gread@gobject=\count88
))
\Gin@req@height=\dimen103
\Gin@req@width=\dimen104
) (/usr/share/texlive/texmf-dist/tex/latex/base/ifthen.sty
Package: ifthen 2014/09/29 v1.1c Standard LaTeX ifthen package (DPC)
)) (/usr/share/texlive/texmf-dist/tex/latex/amsfonts/amssymb.sty
Package: amssymb 2013/01/14 v3.01 AMS font symbols
(/usr/share/texlive/texmf-dist/tex/latex/amsfonts/amsfonts.sty
Package: amsfonts 2013/01/14 v3.01 Basic AMSFonts support
\@emptytoks=\toks15
\symAMSa=\mathgroup4
\symAMSb=\mathgroup5
LaTeX Font Info:    Overwriting math alphabet `\mathfrak' in version `bold'
(Font)                  U/euf/m/n --> U/euf/b/n on input line 106.
)) (/usr/share/texlive/texmf-dist/tex/latex/natbib/natbib.sty
Package: natbib 2010/09/13 8.31b (PWD, AO)
\bibhang=\skip43
\bibsep=\skip44
LaTeX Info: Redefining \cite on input line 694.
\c@NAT@ctr=\count89
) (/usr/share/texlive/texmf-dist/tex/latex/hyperref/hyperref.sty
Package: hyperref 2012/11/06 v6.83m Hypertext links for LaTeX
(/usr/share/texlive/texmf-dist/tex/generic/oberdiek/hobsub-hyperref.sty
Package: hobsub-hyperref 2012/05/28 v1.13 Bundle oberdiek, subset hyperref (HO)

(/usr/share/texlive/texmf-dist/tex/generic/oberdiek/hobsub-generic.sty
Package: hobsub-generic 2012/05/28 v1.13 Bundle oberdiek, subset generic (HO)
Package: hobsub 2012/05/28 v1.13 Construct package bundles (HO)
Package hobsub Info: Skipping package `infwarerr' (already loaded).
Package hobsub Info: Skipping package `ltxcmds' (already loaded).
Package: ifluatex 2010/03/01 v1.3 Provides the ifluatex switch (HO)
Package ifluatex Info: LuaTeX not detected.
Package: ifvtex 2010/03/01 v1.5 Detect VTeX and its facilities (HO)
Package ifvtex Info: VTeX not detected.
Package: intcalc 2007/09/27 v1.1 Expandable calculations with integers (HO)
Package: ifpdf 2011/01/30 v2.3 Provides the ifpdf switch (HO)
Package ifpdf Info: pdfTeX in PDF mode is detected.
Package: etexcmds 2011/02/16 v1.5 Avoid name clashes with e-TeX commands (HO)
Package etexcmds Info: Could not find \expanded.
(etexcmds)             That can mean that you are not using pdfTeX 1.50 or
(etexcmds)             that some package has redefined \expanded.
(etexcmds)             In the latter case, load this package earlier.
Package: kvsetkeys 2012/04/25 v1.16 Key value parser (HO)
Package: kvdefinekeys 2011/04/07 v1.3 Define keys (HO)
Package: pdftexcmds 2011/11/29 v0.20 Utility functions of pdfTeX for LuaTeX (HO
)
Package pdftexcmds Info: LuaTeX not detected.
Package pdftexcmds Info: \pdf@primitive is available.
Package pdftexcmds Info: \pdf@ifprimitive is available.
Package pdftexcmds Info: \pdfdraftmode found.
Package: pdfescape 2011/11/25 v1.13 Implements pdfTeX's escape features (HO)
Package: bigintcalc 2012/04/08 v1.3 Expandable calculations on big integers (HO
)
Package: bitset 2011/01/30 v1.1 Handle bit-vector datatype (HO)
Package: uniquecounter 2011/01/30 v1.2 Provide unlimited unique counter (HO)
)
Package hobsub Info: Skipping package `hobsub' (already loaded).
Package: letltxmacro 2010/09/02 v1.4 Let assignment for LaTeX macros (HO)
Package: hopatch 2012/05/28 v1.2 Wrapper for package hooks (HO)
Package: xcolor-patch 2011/01/30 xcolor patch
Package: atveryend 2011/06/30 v1.8 Hooks at the very end of document (HO)
Package atveryend Info: \enddocument detected (standard20110627).
Package: atbegshi 2011/10/05 v1.16 At begin shipout hook (HO)
Package: refcount 2011/10/16 v3.4 Data extraction from label references (HO)
Package: hycolor 2011/01/30 v1.7 Color options for hyperref/bookmark (HO)
) (/usr/share/texlive/texmf-dist/tex/generic/ifxetex/ifxetex.sty
Package: ifxetex 2010/09/12 v0.6 Provides ifxetex conditional
) (/usr/share/texlive/texmf-dist/tex/latex/oberdiek/auxhook.sty
Package: auxhook 2011/03/04 v1.3 Hooks for auxiliary files (HO)
) (/usr/share/texlive/texmf-dist/tex/latex/oberdiek/kvoptions.sty
Package: kvoptions 2011/06/30 v3.11 Key value format for package options (HO)
)
\@linkdim=\dimen105
\Hy@linkcounter=\count90
\Hy@pagecounter=\count91
(/usr/share/texlive/texmf-dist/tex/latex/hyperref/pd1enc.def
File: pd1enc.def 2012/11/06 v6.83m Hyperref: PDFDocEncoding definition (HO)
)
\Hy@SavedSpaceFactor=\count92
(/usr/share/texlive/texmf-dist/tex/latex/latexconfig/hyperref.cfg
File: hyperref.cfg 2002/06/06 v1.2 hyperref configuration of TeXLive
)
Package hyperref Info: Hyper figures OFF on input line 4443.
Package hyperref Info: Link nesting OFF on input line 4448.
Package hyperref Info: Hyper index ON on input line 4451.
Package hyperref Info: Plain pages OFF on input line 4458.
Package hyperref Info: Backreferencing OFF on input line 4463.
Package hyperref Info: Implicit mode ON; LaTeX internals redefined.
Package hyperref Info: Bookmarks ON on input line 4688.
\c@Hy@tempcnt=\count93
(/usr/share/texlive/texmf-dist/tex/latex/url/url.sty
\Urlmuskip=\muskip10
Package: url 2013/09/16  ver 3.4  Verb mode for urls, etc.
)
LaTeX Info: Redefining \url on input line 5041.
\XeTeXLinkMargin=\dimen106
\Fld@menulength=\count94
\Field@Width=\dimen107
\Fld@charsize=\dimen108
Package hyperref Info: Hyper figures OFF on input line 6295.
Package hyperref Info: Link nesting OFF on input line 6300.
Package hyperref Info: Hyper index ON on input line 6303.
Package hyperref Info: backreferencing OFF on input line 6310.
Package hyperref Info: Link coloring OFF on input line 6315.
Package hyperref Info: Link coloring with OCG OFF on input line 6320.
Package hyperref Info: PDF/A mode OFF on input line 6325.
LaTeX Info: Redefining \ref on input line 6365.
LaTeX Info: Redefining \pageref on input line 6369.
\Hy@abspage=\count95
\c@Item=\count96
\c@Hfootnote=\count97
)

Package hyperref Message: Driver (autodetected): hpdftex.

(/usr/share/texlive/texmf-dist/tex/latex/hyperref/hpdftex.def
File: hpdftex.def 2012/11/06 v6.83m Hyperref driver for pdfTeX
\Fld@listcount=\count98
\c@bookmark@seq@number=\count99
(/usr/share/texlive/texmf-dist/tex/latex/oberdiek/rerunfilecheck.sty
Package: rerunfilecheck 2011/04/15 v1.7 Rerun checks for auxiliary files (HO)
Package uniquecounter Info: New unique counter `rerunfilecheck' on input line 2
82.
)
\Hy@SectionHShift=\skip45
)
Package hyperref Info: Option `colorlinks' set `true' on input line 15.
(/usr/share/texlive/texmf-dist/tex/latex/amsmath/amsmath.sty
Package: amsmath 2016/03/03 v2.15a AMS math features
\@mathmargin=\skip46
For additional information on amsmath, use the `?' option.
(/usr/share/texlive/texmf-dist/tex/latex/amsmath/amstext.sty
Package: amstext 2000/06/29 v2.01 AMS text
(/usr/share/texlive/texmf-dist/tex/latex/amsmath/amsgen.sty
File: amsgen.sty 1999/11/30 v2.0 generic functions
\@emptytoks=\toks16
\ex@=\dimen109
)) (/usr/share/texlive/texmf-dist/tex/latex/amsmath/amsbsy.sty
Package: amsbsy 1999/11/29 v1.2d Bold Symbols
\pmbraise@=\dimen110
) (/usr/share/texlive/texmf-dist/tex/latex/amsmath/amsopn.sty
Package: amsopn 1999/12/14 v2.01 operator names
)
\inf@bad=\count100
LaTeX Info: Redefining \frac on input line 199.
\uproot@=\count101
\leftroot@=\count102
LaTeX Info: Redefining \overline on input line 297.
\classnum@=\count103
\DOTSCASE@=\count104
LaTeX Info: Redefining \ldots on input line 394.
LaTeX Info: Redefining \dots on input line 397.
LaTeX Info: Redefining \cdots on input line 518.
\Mathstrutbox@=\box26
\strutbox@=\box27
\big@size=\dimen111
LaTeX Font Info:    Redeclaring font encoding OML on input line 630.
LaTeX Font Info:    Redeclaring font encoding OMS on input line 631.
\macc@depth=\count105
\c@MaxMatrixCols=\count106
\dotsspace@=\muskip11
\c@parentequation=\count107
\dspbrk@lvl=\count108
\tag@help=\toks17
\row@=\count109
\column@=\count110
\maxfields@=\count111
\andhelp@=\toks18
\eqnshift@=\dimen112
\alignsep@=\dimen113
\tagshift@=\dimen114
\tagwidth@=\dimen115
\totwidth@=\dimen116
\lineht@=\dimen117
\@envbody=\toks19
\multlinegap=\skip47
\multlinetaggap=\skip48
\mathdisplay@stack=\toks20
LaTeX Info: Redefining \[ on input line 2735.
LaTeX Info: Redefining \] on input line 2736.
) (/usr/share/texlive/texmf-dist/tex/latex/base/textcomp.sty
Package: textcomp 2005/09/27 v1.99g Standard LaTeX package
Package textcomp Info: Sub-encoding information:
(textcomp)               5 = only ISO-Adobe without \textcurrency
(textcomp)               4 = 5 + \texteuro
(textcomp)               3 = 4 + \textohm
(textcomp)               2 = 3 + \textestimated + \textcurrency
(textcomp)               1 = TS1 - \textcircled - \t
(textcomp)               0 = TS1 (full)
(textcomp)             Font families with sub-encoding setting implement
(textcomp)             only a restricted character set as indicated.
(textcomp)             Family '?' is the default used for unknown fonts.
(textcomp)             See the documentation for details.
Package textcomp Info: Setting ? sub-encoding to TS1/1 on input line 79.
(/usr/share/texlive/texmf-dist/tex/latex/base/ts1enc.def
File: ts1enc.def 2001/06/05 v3.0e (jk/car/fm) Standard LaTeX file
)
LaTeX Info: Redefining \oldstylenums on input line 334.
Package textcomp Info: Setting cmr sub-encoding to TS1/0 on input line 349.
Package textcomp Info: Setting cmss sub-encoding to TS1/0 on input line 350.
Package textcomp Info: Setting cmtt sub-encoding to TS1/0 on input line 351.
Package textcomp Info: Setting cmvtt sub-encoding to TS1/0 on input line 352.
Package textcomp Info: Setting cmbr sub-encoding to TS1/0 on input line 353.
Package textcomp Info: Setting cmtl sub-encoding to TS1/0 on input line 354.
Package textcomp Info: Setting ccr sub-encoding to TS1/0 on input line 355.
Package textcomp Info: Setting ptm sub-encoding to TS1/4 on input line 356.
Package textcomp Info: Setting pcr sub-encoding to TS1/4 on input line 357.
Package textcomp Info: Setting phv sub-encoding to TS1/4 on input line 358.
Package textcomp Info: Setting ppl sub-encoding to TS1/3 on input line 359.
Package textcomp Info: Setting pag sub-encoding to TS1/4 on input line 360.
Package textcomp Info: Setting pbk sub-encoding to TS1/4 on input line 361.
Package textcomp Info: Setting pnc sub-encoding to TS1/4 on input line 362.
Package textcomp Info: Setting pzc sub-encoding to TS1/4 on input line 363.
Package textcomp Info: Setting bch sub-encoding to TS1/4 on input line 364.
Package textcomp Info: Setting put sub-encoding to TS1/5 on input line 365.
Package textcomp Info: Setting uag sub-encoding to TS1/5 on input line 366.
Package textcomp Info: Setting ugq sub-encoding to TS1/5 on input line 367.
Package textcomp Info: Setting ul8 sub-encoding to TS1/4 on input line 368.
Package textcomp Info: Setting ul9 sub-encoding to TS1/4 on input line 369.
Package textcomp Info: Setting augie sub-encoding to TS1/5 on input line 370.
Package textcomp Info: Setting dayrom sub-encoding to TS1/3 on input line 371.
Package textcomp Info: Setting dayroms sub-encoding to TS1/3 on input line 372.

Package textcomp Info: Setting pxr sub-encoding to TS1/0 on input line 373.
Package textcomp Info: Setting pxss sub-encoding to TS1/0 on input line 374.
Package textcomp Info: Setting pxtt sub-encoding to TS1/0 on input line 375.
Package textcomp Info: Setting txr sub-encoding to TS1/0 on input line 376.
Package textcomp Info: Setting txss sub-encoding to TS1/0 on input line 377.
Package textcomp Info: Setting txtt sub-encoding to TS1/0 on input line 378.
Package textcomp Info: Setting lmr sub-encoding to TS1/0 on input line 379.
Package textcomp Info: Setting lmdh sub-encoding to TS1/0 on input line 380.
Package textcomp Info: Setting lmss sub-encoding to TS1/0 on input line 381.
Package textcomp Info: Setting lmssq sub-encoding to TS1/0 on input line 382.
Package textcomp Info: Setting lmvtt sub-encoding to TS1/0 on input line 383.
Package textcomp Info: Setting lmtt sub-encoding to TS1/0 on input line 384.
Package textcomp Info: Setting qhv sub-encoding to TS1/0 on input line 385.
Package textcomp Info: Setting qag sub-encoding to TS1/0 on input line 386.
Package textcomp Info: Setting qbk sub-encoding to TS1/0 on input line 387.
Package textcomp Info: Setting qcr sub-encoding to TS1/0 on input line 388.
Package textcomp Info: Setting qcs sub-encoding to TS1/0 on input line 389.
Package textcomp Info: Setting qpl sub-encoding to TS1/0 on input line 390.
Package textcomp Info: Setting qtm sub-encoding to TS1/0 on input line 391.
Package textcomp Info: Setting qzc sub-encoding to TS1/0 on input line 392.
Package textcomp Info: Setting qhvc sub-encoding to TS1/0 on input line 393.
Package textcomp Info: Setting futs sub-encoding to TS1/4 on input line 394.
Package textcomp Info: Setting futx sub-encoding to TS1/4 on input line 395.
Package textcomp Info: Setting futj sub-encoding to TS1/4 on input line 396.
Package textcomp Info: Setting hlh sub-encoding to TS1/3 on input line 397.
Package textcomp Info: Setting hls sub-encoding to TS1/3 on input line 398.
Package textcomp Info: Setting hlst sub-encoding to TS1/3 on input line 399.
Package textcomp Info: Setting hlct sub-encoding to TS1/5 on input line 400.
Package textcomp Info: Setting hlx sub-encoding to TS1/5 on input line 401.
Package textcomp Info: Setting hlce sub-encoding to TS1/5 on input line 402.
Package textcomp Info: Setting hlcn sub-encoding to TS1/5 on input line 403.
Package textcomp Info: Setting hlcw sub-encoding to TS1/5 on input line 404.
Package textcomp Info: Setting hlcf sub-encoding to TS1/5 on input line 405.
Package textcomp Info: Setting pplx sub-encoding to TS1/3 on input line 406.
Package textcomp Info: Setting pplj sub-encoding to TS1/3 on input line 407.
Package textcomp Info: Setting ptmx sub-encoding to TS1/4 on input line 408.
Package textcomp Info: Setting ptmj sub-encoding to TS1/4 on input line 409.
) (/home/joshwarren/texmf/tex/latex/ccaption/ccaption.sty
Package: ccaption 2011/08/07 v3.2c Extended captioning and new floats
\@contcwidth=\skip49
\@contindw=\skip50
\abovelegendskip=\skip51
\belowlegendskip=\skip52
\c@newflo@tctr=\count112
) (/home/joshwarren/texmf/tex/latex/threeparttable/threeparttable.sty
Package: threeparttable 2003/06/13  v 3.0
\@tempboxb=\box28
) (/usr/share/texlive/texmf-dist/tex/latex/tools/array.sty
Package: array 2014/10/28 v2.4c Tabular extension package (FMi)
\col@sep=\dimen118
\extrarowheight=\dimen119
\NC@list=\toks21
\extratabsurround=\skip53
\backup@length=\skip54
) (./thesis.aux (./acknowledgements/dedication.aux) (./acknowledgements/acknowl
edgements.aux) (./abstract/abstract.aux) (./introduction/introduction.aux

LaTeX Warning: Label `fig:MassRe' multiply defined.

) (./chapter2/chapter2.aux) (./chapter3/chapter3.aux) (./chapter4/chapter4.aux)
(./chapter5/chapter5.aux) (./conclusions/conclusions.aux) (./appendix/appendix1
/appendix1.aux))
\openout1 = `thesis.aux'.

LaTeX Font Info:    Checking defaults for OML/cmm/m/it on input line 48.
LaTeX Font Info:    ... okay on input line 48.
LaTeX Font Info:    Checking defaults for T1/cmr/m/n on input line 48.
LaTeX Font Info:    ... okay on input line 48.
LaTeX Font Info:    Checking defaults for OT1/cmr/m/n on input line 48.
LaTeX Font Info:    ... okay on input line 48.
LaTeX Font Info:    Checking defaults for OMS/cmsy/m/n on input line 48.
LaTeX Font Info:    ... okay on input line 48.
LaTeX Font Info:    Checking defaults for OMX/cmex/m/n on input line 48.
LaTeX Font Info:    ... okay on input line 48.
LaTeX Font Info:    Checking defaults for U/cmr/m/n on input line 48.
LaTeX Font Info:    ... okay on input line 48.
LaTeX Font Info:    Checking defaults for PD1/pdf/m/n on input line 48.
LaTeX Font Info:    ... okay on input line 48.
LaTeX Font Info:    Checking defaults for TS1/cmr/m/n on input line 48.
LaTeX Font Info:    Try loading font information for TS1+cmr on input line 48.
(/usr/share/texlive/texmf-dist/tex/latex/base/ts1cmr.fd
File: ts1cmr.fd 2014/09/29 v2.5h Standard LaTeX font definitions
)
LaTeX Font Info:    ... okay on input line 48.
(/usr/share/texlive/texmf-dist/tex/context/base/supp-pdf.mkii
[Loading MPS to PDF converter (version 2006.09.02).]
\scratchcounter=\count113
\scratchdimen=\dimen120
\scratchbox=\box29
\nofMPsegments=\count114
\nofMParguments=\count115
\everyMPshowfont=\toks22
\MPscratchCnt=\count116
\MPscratchDim=\dimen121
\MPnumerator=\count117
\makeMPintoPDFobject=\count118
\everyMPtoPDFconversion=\toks23
) (/usr/share/texlive/texmf-dist/tex/latex/oberdiek/epstopdf-base.sty
Package: epstopdf-base 2010/02/09 v2.5 Base part for package epstopdf
(/usr/share/texlive/texmf-dist/tex/latex/oberdiek/grfext.sty
Package: grfext 2010/08/19 v1.1 Manage graphics extensions (HO)
)
Package grfext Info: Graphics extension search list:
(grfext)             [.png,.pdf,.jpg,.mps,.jpeg,.jbig2,.jb2,.PNG,.PDF,.JPG,.JPE
G,.JBIG2,.JB2,.eps]
(grfext)             \AppendGraphicsExtensions on input line 452.
(/usr/share/texlive/texmf-dist/tex/latex/latexconfig/epstopdf-sys.cfg
File: epstopdf-sys.cfg 2010/07/13 v1.3 Configuration of (r)epstopdf for TeX Liv
e
))
\AtBeginShipoutBox=\box30
(/usr/share/texlive/texmf-dist/tex/latex/graphics/color.sty
Package: color 2016/01/03 v1.1b Standard LaTeX Color (DPC)
(/usr/share/texlive/texmf-dist/tex/latex/latexconfig/color.cfg
File: color.cfg 2007/01/18 v1.5 color configuration of teTeX/TeXLive
)
Package color Info: Driver file: pdftex.def on input line 143.
)
Package hyperref Info: Link coloring ON on input line 48.
(/usr/share/texlive/texmf-dist/tex/latex/hyperref/nameref.sty
Package: nameref 2012/10/27 v2.43 Cross-referencing by name of section
(/usr/share/texlive/texmf-dist/tex/generic/oberdiek/gettitlestring.sty
Package: gettitlestring 2010/12/03 v1.4 Cleanup title references (HO)
)
\c@section@level=\count119
)
LaTeX Info: Redefining \ref on input line 48.
LaTeX Info: Redefining \pageref on input line 48.
LaTeX Info: Redefining \nameref on input line 48.
(./thesis.out) (./thesis.out)
\@outlinefile=\write3
\openout3 = `thesis.out'.

<oxlogo.png, id=59, 120.9318pt x 140.2038pt>
File: oxlogo.png Graphic file (type png)
<use oxlogo.png>
Package pdftex.def Info: oxlogo.png used on input line 60.
(pdftex.def)             Requested size: 91.04881pt x 105.55905pt.
[1


{/var/lib/texmf/fonts/map/pdftex/updmap/pdftex.map} <./oxlogo.png>] (./thesis.t
oc
LaTeX Font Info:    Try loading font information for U+msa on input line 3.
(/usr/share/texlive/texmf-dist/tex/latex/amsfonts/umsa.fd
File: umsa.fd 2013/01/14 v3.01 AMS symbols A
)
LaTeX Font Info:    Try loading font information for U+msb on input line 3.
(/usr/share/texlive/texmf-dist/tex/latex/amsfonts/umsb.fd
File: umsb.fd 2013/01/14 v3.01 AMS symbols B
) [2





])
\tf@toc=\write4
\openout4 = `thesis.toc'.

[3] (./thesis.lof)
\tf@lof=\write5
\openout5 = `thesis.lof'.

[4

]
\openout2 = `chapter4/chapter4.aux'.

(./chapter4/chapter4.tex
Chapter 4.
! Font TS1/cmr/m/n/12=tcrm1200 at 12.0pt not loadable: Metric (TFM) file not fo
und.
<to be read again> 
                   relax 
l.6 	\item T
            he intrinsic shape of regular and non-regular rotators (section ...
I wasn't able to read the size data for this font,
so I will ignore the font specification.
[Wizards can fix TFM files using TFtoPL/PLtoTF.]
You might try inserting a different font spec;
e.g., type `I\font<same font id>=<substitute font name>'.

Missing character: There is no ˆ in font nullfont!
Missing character: There is no ˆ in font nullfont!
Missing character: There is no ˆ in font nullfont!
Missing character: There is no ˆ in font nullfont!
Missing character: There is no ˆ in font nullfont!
Missing character: There is no ˆ in font nullfont!
Missing character: There is no ˆ in font nullfont!
<chapter4/vimos/kin1.png, id=200, 1839.5124pt x 3489.9183pt>
File: chapter4/vimos/kin1.png Graphic file (type png)
<use chapter4/vimos/kin1.png>
Package pdftex.def Info: chapter4/vimos/kin1.png used on input line 24.
(pdftex.def)             Requested size: 322.25632pt x 611.40578pt.

LaTeX Warning: Float too large for page by 57.97578pt on input line 27.

[29






] <chapter4/vimos/kin2.png, id=207, 2732.70938pt x 5183.86688pt>
File: chapter4/vimos/kin2.png Graphic file (type png)
<use chapter4/vimos/kin2.png>
Package pdftex.def Info: chapter4/vimos/kin2.png used on input line 30.
(pdftex.def)             Requested size: 322.28178pt x 611.40578pt.
<chapter4/vimos/kin3.png, id=208, 1839.5124pt x 3489.9183pt>
File: chapter4/vimos/kin3.png Graphic file (type png)
<use chapter4/vimos/kin3.png>
Package pdftex.def Info: chapter4/vimos/kin3.png used on input line 35.
(pdftex.def)             Requested size: 322.25632pt x 611.40578pt.
<chapter4/vimos/kin4.png, id=209, 1848.1848pt x 1200.1638pt>
File: chapter4/vimos/kin4.png Graphic file (type png)
<use chapter4/vimos/kin4.png>
Package pdftex.def Info: chapter4/vimos/kin4.png used on input line 40.
(pdftex.def)             Requested size: 310.49294pt x 201.6317pt.
<chapter4/muse/kin1.png, id=210, 1848.1848pt x 3489.1956pt>
File: chapter4/muse/kin1.png Graphic file (type png)
<use chapter4/muse/kin1.png>
Package pdftex.def Info: chapter4/muse/kin1.png used on input line 47.
(pdftex.def)             Requested size: 323.832pt x 611.40578pt.
<chapter4/muse/kin2.png, id=213, 1856.6163pt x 1199.682pt>
File: chapter4/muse/kin2.png Graphic file (type png)
<use chapter4/muse/kin2.png>
Package pdftex.def Info: chapter4/muse/kin2.png used on input line 53.
(pdftex.def)             Requested size: 312.02274pt x 201.6317pt.

Underfull \hbox (badness 10000) in paragraph at lines 69--69
[]|$\OT1/cmr/m/n/12 ^^@[]$
 []


Overfull \hbox (6.84677pt too wide) in paragraph at lines 69--69
\OT1/cmr/m/n/12 (deg)| 
 []


Overfull \hbox (0.97183pt too wide) in paragraph at lines 71--71
[]|\OT1/cmr/m/n/12 55.2| 
 []


Overfull \hbox (0.97183pt too wide) in paragraph at lines 72--72
[]|\OT1/cmr/m/n/12 87.9| 
 []


Overfull \hbox (0.97183pt too wide) in paragraph at lines 73--73
[]|\OT1/cmr/m/n/12 64.4| 
 []


Overfull \hbox (0.97183pt too wide) in paragraph at lines 74--74
[]|\OT1/cmr/m/n/12 83.2| 
 []


Overfull \hbox (0.97183pt too wide) in paragraph at lines 76--76
[]|\OT1/cmr/m/n/12 72.1| 
 []


Overfull \hbox (0.97183pt too wide) in paragraph at lines 77--77
[]|\OT1/cmr/m/n/12 27.2| 
 []


Overfull \hbox (0.97183pt too wide) in paragraph at lines 78--78
[]|\OT1/cmr/m/n/12 19.8| 
 []


Overfull \hbox (0.97183pt too wide) in paragraph at lines 80--80
[]|\OT1/cmr/m/n/12 20.0| 
 []


Overfull \hbox (0.97183pt too wide) in paragraph at lines 81--81
[]|\OT1/cmr/m/n/12 57.7| 
 []


Overfull \hbox (13.35448pt too wide) in paragraph at lines 63--92
[] 
 []


LaTeX Warning: Reference `fig:Misalignment' on page 30 undefined on input line 
94.


Overfull \hbox (578.64508pt too wide) in paragraph at lines 94--95
\OT1/cmr/m/n/12 just 4$)\OML/cmm/m/it/12 :Regularrotatorswithasignificantmisali
gnmentareeitherveryround; interactingorstronglybarred\OT1/cmr/m/n/12 (\OML/cmm/
m/it/12 seefigure[]:Takingintoaccountthelowerqualityofdata; ourresultsareconsis
tentwiththis \OT1/cmr/m/n/12 :
 []


Overfull \hbox (19.98648pt too wide) in paragraph at lines 94--95
\OML/cmm/m/it/12 ofthe\OT1/cmr/m/n/12 4\OML/cmm/m/it/12 regularlyrotatinggalaxi
esintheSouthernsample; \OT1/cmr/m/n/12 2\OML/cmm/m/it/12 aremisalignedtolesstha
n\OT1/cmr/m/n/12 8$ and
 []

[30] [31 <./chapter4/vimos/kin1.png>] [32pdfTeX warning (ext4): destination wit
h the same identifier (name{figure.4.1}) has been already used, duplicate ignor
ed

\AtBegShi@Output ...ipout \box \AtBeginShipoutBox 
                                                  \fi \fi 
l.95 
      <./chapter4/vimos/kin2.png>] [33pdfTeX warning (ext4): destination with t
he same identifier (name{figure.4.1}) has been already used, duplicate ignored

\AtBegShi@Output ...ipout \box \AtBeginShipoutBox 
                                                  \fi \fi 
l.95 
      <./chapter4/vimos/kin3.png>] [34pdfTeX warning (ext4): destination with t
he same identifier (name{figure.4.1}) has been already used, duplicate ignored

\AtBegShi@Output ...ipout \box \AtBeginShipoutBox 
                                                  \fi \fi 
l.102 
       <./chapter4/vimos/kin4.png>] [35 <./chapter4/muse/kin1.png>] <chapter4/l
ambda_R.png, id=281, 1156.32pt x 867.24pt>
File: chapter4/lambda_R.png Graphic file (type png)
<use chapter4/lambda_R.png>
Package pdftex.def Info: chapter4/lambda_R.png used on input line 105.
(pdftex.def)             Requested size: 303.53267pt x 227.6473pt.
<chapter4/lambda_R_ellipticity.png, id=282, 1445.4pt x 867.24pt>
File: chapter4/lambda_R_ellipticity.png Graphic file (type png)
<use chapter4/lambda_R_ellipticity.png>
Package pdftex.def Info: chapter4/lambda_R_ellipticity.png used on input line 1
13.
(pdftex.def)             Requested size: 346.89731pt x 208.12862pt.
<chapter4/M_k_binned.png, id=291, 1156.32pt x 867.24pt>
File: chapter4/M_k_binned.png Graphic file (type png)
<use chapter4/M_k_binned.png>
Package pdftex.def Info: chapter4/M_k_binned.png used on input line 123.
(pdftex.def)             Requested size: 260.17464pt x 195.12057pt.
<chapter4/vimos/abs1.png, id=297, 2445.6168pt x 4060.8513pt>
File: chapter4/vimos/abs1.png Graphic file (type png)
<use chapter4/vimos/abs1.png>
Package pdftex.def Info: chapter4/vimos/abs1.png used on input line 179.
(pdftex.def)             Requested size: 368.20743pt x 611.40578pt.

LaTeX Warning: Float too large for page by 17.83133pt on input line 182.

<chapter4/vimos/abs2.png, id=300, 2445.6168pt x 4060.8513pt>
File: chapter4/vimos/abs2.png Graphic file (type png)
<use chapter4/vimos/abs2.png>
Package pdftex.def Info: chapter4/vimos/abs2.png used on input line 185.
(pdftex.def)             Requested size: 368.20743pt x 611.40578pt.
<chapter4/vimos/abs3.png, id=301, 2445.6168pt x 4060.8513pt>
File: chapter4/vimos/abs3.png Graphic file (type png)
<use chapter4/vimos/abs3.png>
Package pdftex.def Info: chapter4/vimos/abs3.png used on input line 190.
(pdftex.def)             Requested size: 368.20743pt x 611.40578pt.
<chapter4/vimos/abs4.png, id=302, 2445.6168pt x 4060.8513pt>
File: chapter4/vimos/abs4.png Graphic file (type png)
<use chapter4/vimos/abs4.png>
Package pdftex.def Info: chapter4/vimos/abs4.png used on input line 195.
(pdftex.def)             Requested size: 368.20743pt x 611.40578pt.
<chapter4/vimos/abs5.png, id=303, 2445.6168pt x 4060.8513pt>
File: chapter4/vimos/abs5.png Graphic file (type png)
<use chapter4/vimos/abs5.png>
Package pdftex.def Info: chapter4/vimos/abs5.png used on input line 200.
(pdftex.def)             Requested size: 368.20743pt x 611.40578pt.
<chapter4/muse/abs1.png, id=304, 2453.3256pt x 4060.1286pt>
File: chapter4/muse/abs1.png Graphic file (type png)
<use chapter4/muse/abs1.png>
Package pdftex.def Info: chapter4/muse/abs1.png used on input line 206.
(pdftex.def)             Requested size: 369.44292pt x 611.40578pt.

LaTeX Warning: Float too large for page by 16.8091pt on input line 209.

<chapter4/muse/abs1b.png, id=307, 2455.0119pt x 2347.3296pt>
File: chapter4/muse/abs1b.png Graphic file (type png)
<use chapter4/muse/abs1b.png>
Package pdftex.def Info: chapter4/muse/abs1b.png used on input line 212.
(pdftex.def)             Requested size: 367.33685pt x 351.22783pt.
<chapter4/muse/abs2.png, id=310, 2453.3256pt x 4060.1286pt>
File: chapter4/muse/abs2.png Graphic file (type png)
<use chapter4/muse/abs2.png>
Package pdftex.def Info: chapter4/muse/abs2.png used on input line 217.
(pdftex.def)             Requested size: 369.44292pt x 611.40578pt.
<chapter4/muse/abs2b.png, id=311, 2455.0119pt x 2347.3296pt>
File: chapter4/muse/abs2b.png Graphic file (type png)
<use chapter4/muse/abs2b.png>
Package pdftex.def Info: chapter4/muse/abs2b.png used on input line 222.
(pdftex.def)             Requested size: 367.33685pt x 351.22783pt.

Underfull \hbox (badness 10000) in paragraph at lines 227--227
[][][]